{"/Users/apple/Downloads/banckingSystem2/index.js": {"path":"/Users/apple/Downloads/banckingSystem2/index.js","statementMap":{"0":{"start":{"line":1,"column":16},"end":{"line":1,"column":34}},"1":{"start":{"line":2,"column":11},"end":{"line":2,"column":37}},"2":{"start":{"line":3,"column":19},"end":{"line":3,"column":52}},"3":{"start":{"line":4,"column":22},"end":{"line":4,"column":59}},"4":{"start":{"line":5,"column":26},"end":{"line":5,"column":67}},"5":{"start":{"line":6,"column":21},"end":{"line":6,"column":45}},"6":{"start":{"line":7,"column":13},"end":{"line":7,"column":22}},"7":{"start":{"line":8,"column":0},"end":{"line":8,"column":24}},"8":{"start":{"line":9,"column":0},"end":{"line":9,"column":24}},"9":{"start":{"line":12,"column":0},"end":{"line":17,"column":3}},"10":{"start":{"line":13,"column":4},"end":{"line":13,"column":32}},"11":{"start":{"line":14,"column":4},"end":{"line":14,"column":65}},"12":{"start":{"line":16,"column":4},"end":{"line":16,"column":63}},"13":{"start":{"line":20,"column":0},"end":{"line":20,"column":28}},"14":{"start":{"line":21,"column":0},"end":{"line":21,"column":31}},"15":{"start":{"line":22,"column":0},"end":{"line":22,"column":35}},"16":{"start":{"line":38,"column":0},"end":{"line":38,"column":21}}},"fnMap":{},"branchMap":{},"s":{"0":3,"1":3,"2":3,"3":3,"4":3,"5":3,"6":3,"7":3,"8":3,"9":3,"10":3,"11":3,"12":0,"13":3,"14":3,"15":3,"16":3},"f":{},"b":{},"_coverageSchema":"1a1c01bbd47fc00a2c39e90264f33305004495a9","hash":"c4aa86668548627eed28640e4a0b789ec43430b9"}
,"/Users/apple/Downloads/banckingSystem2/app/controllers/account.js": {"path":"/Users/apple/Downloads/banckingSystem2/app/controllers/account.js","statementMap":{"0":{"start":{"line":1,"column":11},"end":{"line":1,"column":34}},"1":{"start":{"line":2,"column":16},"end":{"line":2,"column":27}},"2":{"start":{"line":3,"column":13},"end":{"line":3,"column":21}},"3":{"start":{"line":6,"column":0},"end":{"line":54,"column":2}},"4":{"start":{"line":7,"column":27},"end":{"line":7,"column":35}},"5":{"start":{"line":8,"column":2},"end":{"line":12,"column":3}},"6":{"start":{"line":9,"column":4},"end":{"line":11,"column":7}},"7":{"start":{"line":13,"column":2},"end":{"line":17,"column":3}},"8":{"start":{"line":14,"column":4},"end":{"line":16,"column":7}},"9":{"start":{"line":19,"column":2},"end":{"line":53,"column":3}},"10":{"start":{"line":20,"column":15},"end":{"line":24,"column":5}},"11":{"start":{"line":26,"column":20},"end":{"line":30,"column":6}},"12":{"start":{"line":32,"column":4},"end":{"line":36,"column":5}},"13":{"start":{"line":33,"column":6},"end":{"line":35,"column":9}},"14":{"start":{"line":38,"column":17},"end":{"line":38,"column":25}},"15":{"start":{"line":39,"column":4},"end":{"line":39,"column":31}},"16":{"start":{"line":40,"column":4},"end":{"line":47,"column":6}},"17":{"start":{"line":48,"column":4},"end":{"line":50,"column":7}},"18":{"start":{"line":52,"column":4},"end":{"line":52,"column":17}},"19":{"start":{"line":57,"column":0},"end":{"line":103,"column":2}},"20":{"start":{"line":58,"column":18},"end":{"line":58,"column":36}},"21":{"start":{"line":59,"column":2},"end":{"line":63,"column":3}},"22":{"start":{"line":60,"column":4},"end":{"line":62,"column":7}},"23":{"start":{"line":65,"column":2},"end":{"line":102,"column":3}},"24":{"start":{"line":66,"column":29},"end":{"line":70,"column":6}},"25":{"start":{"line":72,"column":4},"end":{"line":76,"column":5}},"26":{"start":{"line":73,"column":6},"end":{"line":75,"column":9}},"27":{"start":{"line":77,"column":20},"end":{"line":80,"column":6}},"28":{"start":{"line":82,"column":24},"end":{"line":82,"column":33}},"29":{"start":{"line":83,"column":4},"end":{"line":87,"column":5}},"30":{"start":{"line":84,"column":6},"end":{"line":86,"column":9}},"31":{"start":{"line":89,"column":4},"end":{"line":96,"column":6}},"32":{"start":{"line":97,"column":4},"end":{"line":99,"column":7}},"33":{"start":{"line":101,"column":4},"end":{"line":101,"column":17}}},"fnMap":{"0":{"name":"(anonymous_0)","decl":{"start":{"line":6,"column":18},"end":{"line":6,"column":19}},"loc":{"start":{"line":6,"column":38},"end":{"line":54,"column":1}},"line":6},"1":{"name":"(anonymous_1)","decl":{"start":{"line":57,"column":23},"end":{"line":57,"column":24}},"loc":{"start":{"line":57,"column":43},"end":{"line":103,"column":1}},"line":57}},"branchMap":{"0":{"loc":{"start":{"line":8,"column":2},"end":{"line":12,"column":3}},"type":"if","locations":[{"start":{"line":8,"column":2},"end":{"line":12,"column":3}},{"start":{},"end":{}}],"line":8},"1":{"loc":{"start":{"line":8,"column":6},"end":{"line":8,"column":22}},"type":"binary-expr","locations":[{"start":{"line":8,"column":6},"end":{"line":8,"column":11}},{"start":{"line":8,"column":15},"end":{"line":8,"column":22}}],"line":8},"2":{"loc":{"start":{"line":13,"column":2},"end":{"line":17,"column":3}},"type":"if","locations":[{"start":{"line":13,"column":2},"end":{"line":17,"column":3}},{"start":{},"end":{}}],"line":13},"3":{"loc":{"start":{"line":13,"column":6},"end":{"line":13,"column":43}},"type":"binary-expr","locations":[{"start":{"line":13,"column":6},"end":{"line":13,"column":23}},{"start":{"line":13,"column":27},"end":{"line":13,"column":43}}],"line":13},"4":{"loc":{"start":{"line":32,"column":4},"end":{"line":36,"column":5}},"type":"if","locations":[{"start":{"line":32,"column":4},"end":{"line":36,"column":5}},{"start":{},"end":{}}],"line":32},"5":{"loc":{"start":{"line":59,"column":2},"end":{"line":63,"column":3}},"type":"if","locations":[{"start":{"line":59,"column":2},"end":{"line":63,"column":3}},{"start":{},"end":{}}],"line":59},"6":{"loc":{"start":{"line":72,"column":4},"end":{"line":76,"column":5}},"type":"if","locations":[{"start":{"line":72,"column":4},"end":{"line":76,"column":5}},{"start":{},"end":{}}],"line":72},"7":{"loc":{"start":{"line":83,"column":4},"end":{"line":87,"column":5}},"type":"if","locations":[{"start":{"line":83,"column":4},"end":{"line":87,"column":5}},{"start":{},"end":{}}],"line":83}},"s":{"0":3,"1":3,"2":3,"3":3,"4":4,"5":4,"6":1,"7":3,"8":1,"9":2,"10":2,"11":2,"12":2,"13":1,"14":1,"15":1,"16":1,"17":1,"18":0,"19":3,"20":4,"21":4,"22":1,"23":3,"24":3,"25":3,"26":1,"27":2,"28":2,"29":2,"30":1,"31":1,"32":1,"33":0},"f":{"0":4,"1":4},"b":{"0":[1,3],"1":[4,3],"2":[1,2],"3":[3,1],"4":[1,1],"5":[1,3],"6":[1,2],"7":[1,1]},"_coverageSchema":"1a1c01bbd47fc00a2c39e90264f33305004495a9","hash":"44520ae5a6f20e978977a8e4620d594d104f9796"}
,"/Users/apple/Downloads/banckingSystem2/app/controllers/transaction.js": {"path":"/Users/apple/Downloads/banckingSystem2/app/controllers/transaction.js","statementMap":{"0":{"start":{"line":1,"column":11},"end":{"line":1,"column":34}},"1":{"start":{"line":2,"column":20},"end":{"line":2,"column":35}},"2":{"start":{"line":3,"column":16},"end":{"line":3,"column":27}},"3":{"start":{"line":6,"column":0},"end":{"line":77,"column":2}},"4":{"start":{"line":7,"column":32},"end":{"line":7,"column":40}},"5":{"start":{"line":8,"column":15},"end":{"line":8,"column":25}},"6":{"start":{"line":10,"column":2},"end":{"line":14,"column":3}},"7":{"start":{"line":11,"column":4},"end":{"line":13,"column":7}},"8":{"start":{"line":16,"column":2},"end":{"line":20,"column":3}},"9":{"start":{"line":17,"column":4},"end":{"line":19,"column":7}},"10":{"start":{"line":22,"column":2},"end":{"line":76,"column":3}},"11":{"start":{"line":23,"column":23},"end":{"line":27,"column":6}},"12":{"start":{"line":29,"column":4},"end":{"line":33,"column":5}},"13":{"start":{"line":30,"column":6},"end":{"line":32,"column":9}},"14":{"start":{"line":35,"column":4},"end":{"line":39,"column":7}},"15":{"start":{"line":40,"column":24},"end":{"line":40,"column":39}},"16":{"start":{"line":41,"column":23},"end":{"line":41,"column":45}},"17":{"start":{"line":43,"column":20},"end":{"line":46,"column":6}},"18":{"start":{"line":48,"column":24},"end":{"line":48,"column":33}},"19":{"start":{"line":49,"column":4},"end":{"line":53,"column":5}},"20":{"start":{"line":50,"column":6},"end":{"line":52,"column":9}},"21":{"start":{"line":55,"column":4},"end":{"line":62,"column":6}},"22":{"start":{"line":63,"column":15},"end":{"line":68,"column":5}},"23":{"start":{"line":69,"column":4},"end":{"line":69,"column":35}},"24":{"start":{"line":70,"column":4},"end":{"line":70,"column":35}},"25":{"start":{"line":71,"column":4},"end":{"line":73,"column":7}},"26":{"start":{"line":75,"column":4},"end":{"line":75,"column":17}},"27":{"start":{"line":80,"column":0},"end":{"line":163,"column":2}},"28":{"start":{"line":81,"column":32},"end":{"line":81,"column":40}},"29":{"start":{"line":82,"column":15},"end":{"line":82,"column":25}},"30":{"start":{"line":84,"column":2},"end":{"line":88,"column":3}},"31":{"start":{"line":85,"column":4},"end":{"line":87,"column":7}},"32":{"start":{"line":90,"column":2},"end":{"line":94,"column":3}},"33":{"start":{"line":91,"column":4},"end":{"line":93,"column":7}},"34":{"start":{"line":96,"column":2},"end":{"line":162,"column":3}},"35":{"start":{"line":97,"column":23},"end":{"line":101,"column":6}},"36":{"start":{"line":103,"column":4},"end":{"line":107,"column":5}},"37":{"start":{"line":104,"column":6},"end":{"line":106,"column":9}},"38":{"start":{"line":109,"column":20},"end":{"line":112,"column":6}},"39":{"start":{"line":114,"column":24},"end":{"line":114,"column":33}},"40":{"start":{"line":115,"column":4},"end":{"line":119,"column":5}},"41":{"start":{"line":116,"column":6},"end":{"line":118,"column":9}},"42":{"start":{"line":120,"column":4},"end":{"line":124,"column":5}},"43":{"start":{"line":121,"column":6},"end":{"line":123,"column":9}},"44":{"start":{"line":125,"column":4},"end":{"line":129,"column":7}},"45":{"start":{"line":131,"column":24},"end":{"line":131,"column":39}},"46":{"start":{"line":132,"column":4},"end":{"line":159,"column":5}},"47":{"start":{"line":133,"column":25},"end":{"line":133,"column":47}},"48":{"start":{"line":135,"column":17},"end":{"line":140,"column":7}},"49":{"start":{"line":142,"column":6},"end":{"line":142,"column":37}},"50":{"start":{"line":143,"column":6},"end":{"line":150,"column":8}},"51":{"start":{"line":152,"column":6},"end":{"line":154,"column":9}},"52":{"start":{"line":156,"column":6},"end":{"line":158,"column":9}},"53":{"start":{"line":161,"column":4},"end":{"line":161,"column":17}},"54":{"start":{"line":165,"column":0},"end":{"line":180,"column":2}},"55":{"start":{"line":166,"column":15},"end":{"line":166,"column":25}},"56":{"start":{"line":167,"column":2},"end":{"line":179,"column":3}},"57":{"start":{"line":168,"column":23},"end":{"line":172,"column":6}},"58":{"start":{"line":174,"column":4},"end":{"line":176,"column":7}},"59":{"start":{"line":178,"column":4},"end":{"line":178,"column":17}}},"fnMap":{"0":{"name":"(anonymous_0)","decl":{"start":{"line":6,"column":18},"end":{"line":6,"column":19}},"loc":{"start":{"line":6,"column":38},"end":{"line":77,"column":1}},"line":6},"1":{"name":"(anonymous_1)","decl":{"start":{"line":80,"column":19},"end":{"line":80,"column":20}},"loc":{"start":{"line":80,"column":39},"end":{"line":163,"column":1}},"line":80},"2":{"name":"(anonymous_2)","decl":{"start":{"line":165,"column":22},"end":{"line":165,"column":23}},"loc":{"start":{"line":165,"column":42},"end":{"line":180,"column":1}},"line":165}},"branchMap":{"0":{"loc":{"start":{"line":10,"column":2},"end":{"line":14,"column":3}},"type":"if","locations":[{"start":{"line":10,"column":2},"end":{"line":14,"column":3}},{"start":{},"end":{}}],"line":10},"1":{"loc":{"start":{"line":10,"column":6},"end":{"line":10,"column":27}},"type":"binary-expr","locations":[{"start":{"line":10,"column":6},"end":{"line":10,"column":16}},{"start":{"line":10,"column":20},"end":{"line":10,"column":27}}],"line":10},"2":{"loc":{"start":{"line":16,"column":2},"end":{"line":20,"column":3}},"type":"if","locations":[{"start":{"line":16,"column":2},"end":{"line":20,"column":3}},{"start":{},"end":{}}],"line":16},"3":{"loc":{"start":{"line":29,"column":4},"end":{"line":33,"column":5}},"type":"if","locations":[{"start":{"line":29,"column":4},"end":{"line":33,"column":5}},{"start":{},"end":{}}],"line":29},"4":{"loc":{"start":{"line":49,"column":4},"end":{"line":53,"column":5}},"type":"if","locations":[{"start":{"line":49,"column":4},"end":{"line":53,"column":5}},{"start":{},"end":{}}],"line":49},"5":{"loc":{"start":{"line":84,"column":2},"end":{"line":88,"column":3}},"type":"if","locations":[{"start":{"line":84,"column":2},"end":{"line":88,"column":3}},{"start":{},"end":{}}],"line":84},"6":{"loc":{"start":{"line":84,"column":6},"end":{"line":84,"column":27}},"type":"binary-expr","locations":[{"start":{"line":84,"column":6},"end":{"line":84,"column":16}},{"start":{"line":84,"column":20},"end":{"line":84,"column":27}}],"line":84},"7":{"loc":{"start":{"line":90,"column":2},"end":{"line":94,"column":3}},"type":"if","locations":[{"start":{"line":90,"column":2},"end":{"line":94,"column":3}},{"start":{},"end":{}}],"line":90},"8":{"loc":{"start":{"line":103,"column":4},"end":{"line":107,"column":5}},"type":"if","locations":[{"start":{"line":103,"column":4},"end":{"line":107,"column":5}},{"start":{},"end":{}}],"line":103},"9":{"loc":{"start":{"line":115,"column":4},"end":{"line":119,"column":5}},"type":"if","locations":[{"start":{"line":115,"column":4},"end":{"line":119,"column":5}},{"start":{},"end":{}}],"line":115},"10":{"loc":{"start":{"line":120,"column":4},"end":{"line":124,"column":5}},"type":"if","locations":[{"start":{"line":120,"column":4},"end":{"line":124,"column":5}},{"start":{},"end":{}}],"line":120},"11":{"loc":{"start":{"line":132,"column":4},"end":{"line":159,"column":5}},"type":"if","locations":[{"start":{"line":132,"column":4},"end":{"line":159,"column":5}},{"start":{"line":155,"column":11},"end":{"line":159,"column":5}}],"line":132}},"s":{"0":3,"1":3,"2":3,"3":3,"4":5,"5":5,"6":5,"7":1,"8":4,"9":1,"10":3,"11":3,"12":3,"13":1,"14":2,"15":2,"16":2,"17":2,"18":2,"19":2,"20":1,"21":1,"22":1,"23":1,"24":1,"25":1,"26":0,"27":3,"28":7,"29":7,"30":7,"31":1,"32":6,"33":1,"34":5,"35":5,"36":5,"37":1,"38":4,"39":4,"40":4,"41":1,"42":3,"43":1,"44":2,"45":2,"46":2,"47":1,"48":1,"49":1,"50":1,"51":1,"52":1,"53":0,"54":3,"55":1,"56":1,"57":1,"58":1,"59":0},"f":{"0":5,"1":7,"2":1},"b":{"0":[1,4],"1":[5,5],"2":[1,3],"3":[1,2],"4":[1,1],"5":[1,6],"6":[7,7],"7":[1,5],"8":[1,4],"9":[1,3],"10":[1,2],"11":[1,1]},"_coverageSchema":"1a1c01bbd47fc00a2c39e90264f33305004495a9","hash":"d3b2f567d9bd05234a5becf51bddbecc326ea716"}
,"/Users/apple/Downloads/banckingSystem2/app/controllers/user.js": {"path":"/Users/apple/Downloads/banckingSystem2/app/controllers/user.js","statementMap":{"0":{"start":{"line":1,"column":11},"end":{"line":1,"column":34}},"1":{"start":{"line":2,"column":15},"end":{"line":2,"column":32}},"2":{"start":{"line":3,"column":12},"end":{"line":3,"column":35}},"3":{"start":{"line":4,"column":15},"end":{"line":4,"column":32}},"4":{"start":{"line":5,"column":16},"end":{"line":5,"column":42}},"5":{"start":{"line":6,"column":13},"end":{"line":6,"column":21}},"6":{"start":{"line":7,"column":16},"end":{"line":7,"column":27}},"7":{"start":{"line":10,"column":0},"end":{"line":52,"column":2}},"8":{"start":{"line":11,"column":36},"end":{"line":11,"column":44}},"9":{"start":{"line":12,"column":21},"end":{"line":12,"column":50}},"10":{"start":{"line":14,"column":2},"end":{"line":18,"column":3}},"11":{"start":{"line":15,"column":4},"end":{"line":17,"column":7}},"12":{"start":{"line":20,"column":2},"end":{"line":24,"column":3}},"13":{"start":{"line":21,"column":4},"end":{"line":23,"column":7}},"14":{"start":{"line":26,"column":2},"end":{"line":51,"column":3}},"15":{"start":{"line":27,"column":21},"end":{"line":31,"column":6}},"16":{"start":{"line":33,"column":4},"end":{"line":37,"column":5}},"17":{"start":{"line":34,"column":6},"end":{"line":36,"column":9}},"18":{"start":{"line":39,"column":15},"end":{"line":43,"column":5}},"19":{"start":{"line":45,"column":4},"end":{"line":45,"column":28}},"20":{"start":{"line":46,"column":4},"end":{"line":48,"column":7}},"21":{"start":{"line":50,"column":4},"end":{"line":50,"column":17}},"22":{"start":{"line":55,"column":0},"end":{"line":104,"column":2}},"23":{"start":{"line":56,"column":30},"end":{"line":56,"column":38}},"24":{"start":{"line":58,"column":2},"end":{"line":62,"column":3}},"25":{"start":{"line":59,"column":4},"end":{"line":61,"column":7}},"26":{"start":{"line":64,"column":2},"end":{"line":103,"column":3}},"27":{"start":{"line":66,"column":21},"end":{"line":70,"column":6}},"28":{"start":{"line":73,"column":4},"end":{"line":83,"column":5}},"29":{"start":{"line":74,"column":6},"end":{"line":78,"column":9}},"30":{"start":{"line":80,"column":6},"end":{"line":82,"column":9}},"31":{"start":{"line":85,"column":25},"end":{"line":85,"column":72}},"32":{"start":{"line":87,"column":4},"end":{"line":100,"column":5}},"33":{"start":{"line":88,"column":19},"end":{"line":88,"column":58}},"34":{"start":{"line":89,"column":20},"end":{"line":89,"column":54}},"35":{"start":{"line":90,"column":6},"end":{"line":90,"column":66}},"36":{"start":{"line":92,"column":6},"end":{"line":95,"column":9}},"37":{"start":{"line":97,"column":6},"end":{"line":99,"column":9}},"38":{"start":{"line":102,"column":4},"end":{"line":102,"column":17}},"39":{"start":{"line":107,"column":0},"end":{"line":116,"column":2}},"40":{"start":{"line":108,"column":2},"end":{"line":115,"column":3}},"41":{"start":{"line":109,"column":4},"end":{"line":109,"column":29}},"42":{"start":{"line":110,"column":4},"end":{"line":112,"column":7}},"43":{"start":{"line":114,"column":4},"end":{"line":114,"column":17}},"44":{"start":{"line":119,"column":0},"end":{"line":137,"column":2}},"45":{"start":{"line":120,"column":2},"end":{"line":136,"column":3}},"46":{"start":{"line":121,"column":15},"end":{"line":129,"column":6}},"47":{"start":{"line":131,"column":4},"end":{"line":133,"column":7}},"48":{"start":{"line":135,"column":4},"end":{"line":135,"column":17}},"49":{"start":{"line":140,"column":0},"end":{"line":163,"column":2}},"50":{"start":{"line":141,"column":15},"end":{"line":141,"column":28}},"51":{"start":{"line":143,"column":2},"end":{"line":162,"column":3}},"52":{"start":{"line":144,"column":15},"end":{"line":155,"column":6}},"53":{"start":{"line":157,"column":4},"end":{"line":159,"column":7}},"54":{"start":{"line":161,"column":4},"end":{"line":161,"column":17}}},"fnMap":{"0":{"name":"(anonymous_0)","decl":{"start":{"line":10,"column":21},"end":{"line":10,"column":22}},"loc":{"start":{"line":10,"column":41},"end":{"line":52,"column":1}},"line":10},"1":{"name":"(anonymous_1)","decl":{"start":{"line":55,"column":16},"end":{"line":55,"column":17}},"loc":{"start":{"line":55,"column":36},"end":{"line":104,"column":1}},"line":55},"2":{"name":"(anonymous_2)","decl":{"start":{"line":107,"column":17},"end":{"line":107,"column":18}},"loc":{"start":{"line":107,"column":31},"end":{"line":116,"column":1}},"line":107},"3":{"name":"(anonymous_3)","decl":{"start":{"line":119,"column":22},"end":{"line":119,"column":23}},"loc":{"start":{"line":119,"column":42},"end":{"line":137,"column":1}},"line":119},"4":{"name":"(anonymous_4)","decl":{"start":{"line":140,"column":25},"end":{"line":140,"column":26}},"loc":{"start":{"line":140,"column":45},"end":{"line":163,"column":1}},"line":140}},"branchMap":{"0":{"loc":{"start":{"line":14,"column":2},"end":{"line":18,"column":3}},"type":"if","locations":[{"start":{"line":14,"column":2},"end":{"line":18,"column":3}},{"start":{},"end":{}}],"line":14},"1":{"loc":{"start":{"line":14,"column":6},"end":{"line":14,"column":34}},"type":"binary-expr","locations":[{"start":{"line":14,"column":6},"end":{"line":14,"column":11}},{"start":{"line":14,"column":15},"end":{"line":14,"column":21}},{"start":{"line":14,"column":25},"end":{"line":14,"column":34}}],"line":14},"2":{"loc":{"start":{"line":20,"column":2},"end":{"line":24,"column":3}},"type":"if","locations":[{"start":{"line":20,"column":2},"end":{"line":24,"column":3}},{"start":{},"end":{}}],"line":20},"3":{"loc":{"start":{"line":33,"column":4},"end":{"line":37,"column":5}},"type":"if","locations":[{"start":{"line":33,"column":4},"end":{"line":37,"column":5}},{"start":{},"end":{}}],"line":33},"4":{"loc":{"start":{"line":58,"column":2},"end":{"line":62,"column":3}},"type":"if","locations":[{"start":{"line":58,"column":2},"end":{"line":62,"column":3}},{"start":{},"end":{}}],"line":58},"5":{"loc":{"start":{"line":58,"column":6},"end":{"line":58,"column":58}},"type":"binary-expr","locations":[{"start":{"line":58,"column":6},"end":{"line":58,"column":17}},{"start":{"line":58,"column":21},"end":{"line":58,"column":35}},{"start":{"line":58,"column":39},"end":{"line":58,"column":45}},{"start":{"line":58,"column":49},"end":{"line":58,"column":58}}],"line":58},"6":{"loc":{"start":{"line":73,"column":4},"end":{"line":83,"column":5}},"type":"if","locations":[{"start":{"line":73,"column":4},"end":{"line":83,"column":5}},{"start":{"line":79,"column":11},"end":{"line":83,"column":5}}],"line":73},"7":{"loc":{"start":{"line":87,"column":4},"end":{"line":100,"column":5}},"type":"if","locations":[{"start":{"line":87,"column":4},"end":{"line":100,"column":5}},{"start":{"line":96,"column":11},"end":{"line":100,"column":5}}],"line":87}},"s":{"0":3,"1":3,"2":3,"3":3,"4":3,"5":3,"6":3,"7":3,"8":4,"9":4,"10":4,"11":1,"12":3,"13":1,"14":2,"15":2,"16":2,"17":1,"18":1,"19":1,"20":1,"21":0,"22":3,"23":4,"24":4,"25":1,"26":3,"27":3,"28":3,"29":2,"30":1,"31":2,"32":2,"33":1,"34":1,"35":1,"36":1,"37":1,"38":0,"39":3,"40":1,"41":1,"42":1,"43":0,"44":3,"45":1,"46":1,"47":1,"48":0,"49":3,"50":1,"51":1,"52":1,"53":1,"54":0},"f":{"0":4,"1":4,"2":1,"3":1,"4":1},"b":{"0":[1,3],"1":[4,3,3],"2":[1,2],"3":[1,1],"4":[1,3],"5":[4,4,3,3],"6":[2,1],"7":[1,1]},"_coverageSchema":"1a1c01bbd47fc00a2c39e90264f33305004495a9","hash":"e44ac5d018b2d7464928730f8e5e900abdbdf84e"}
,"/Users/apple/Downloads/banckingSystem2/app/middleware/isAdmin.js": {"path":"/Users/apple/Downloads/banckingSystem2/app/middleware/isAdmin.js","statementMap":{"0":{"start":{"line":1,"column":11},"end":{"line":1,"column":34}},"1":{"start":{"line":2,"column":13},"end":{"line":2,"column":21}},"2":{"start":{"line":4,"column":0},"end":{"line":32,"column":1}},"3":{"start":{"line":6,"column":13},"end":{"line":6,"column":23}},"4":{"start":{"line":7,"column":4},"end":{"line":7,"column":26}},"5":{"start":{"line":8,"column":20},"end":{"line":12,"column":6}},"6":{"start":{"line":16,"column":4},"end":{"line":24,"column":5}},"7":{"start":{"line":17,"column":8},"end":{"line":21,"column":11}},"8":{"start":{"line":23,"column":8},"end":{"line":23,"column":84}},"9":{"start":{"line":26,"column":8},"end":{"line":29,"column":9}},"10":{"start":{"line":27,"column":12},"end":{"line":27,"column":77}},"11":{"start":{"line":30,"column":8},"end":{"line":30,"column":15}}},"fnMap":{"0":{"name":"(anonymous_0)","decl":{"start":{"line":4,"column":18},"end":{"line":4,"column":19}},"loc":{"start":{"line":5,"column":0},"end":{"line":32,"column":1}},"line":5}},"branchMap":{"0":{"loc":{"start":{"line":16,"column":4},"end":{"line":24,"column":5}},"type":"if","locations":[{"start":{"line":16,"column":4},"end":{"line":24,"column":5}},{"start":{"line":22,"column":11},"end":{"line":24,"column":5}}],"line":16},"1":{"loc":{"start":{"line":26,"column":8},"end":{"line":29,"column":9}},"type":"if","locations":[{"start":{"line":26,"column":8},"end":{"line":29,"column":9}},{"start":{},"end":{}}],"line":26}},"s":{"0":3,"1":3,"2":3,"3":19,"4":19,"5":19,"6":19,"7":19,"8":0,"9":19,"10":5,"11":14},"f":{"0":19},"b":{"0":[19,0],"1":[5,14]},"_coverageSchema":"1a1c01bbd47fc00a2c39e90264f33305004495a9","hash":"18852f80c7a75a093891257fc8989f00a4b3ff3f"}
,"/Users/apple/Downloads/banckingSystem2/app/middleware/isSignedIn.js": {"path":"/Users/apple/Downloads/banckingSystem2/app/middleware/isSignedIn.js","statementMap":{"0":{"start":{"line":1,"column":12},"end":{"line":1,"column":35}},"1":{"start":{"line":2,"column":0},"end":{"line":2,"column":27}},"2":{"start":{"line":4,"column":0},"end":{"line":26,"column":2}},"3":{"start":{"line":5,"column":16},"end":{"line":7,"column":26}},"4":{"start":{"line":8,"column":2},"end":{"line":8,"column":21}},"5":{"start":{"line":10,"column":2},"end":{"line":13,"column":7}},"6":{"start":{"line":11,"column":4},"end":{"line":13,"column":7}},"7":{"start":{"line":15,"column":2},"end":{"line":25,"column":5}},"8":{"start":{"line":16,"column":4},"end":{"line":18,"column":5}},"9":{"start":{"line":17,"column":6},"end":{"line":17,"column":64}},"10":{"start":{"line":19,"column":4},"end":{"line":24,"column":5}},"11":{"start":{"line":20,"column":6},"end":{"line":20,"column":41}},"12":{"start":{"line":21,"column":6},"end":{"line":21,"column":33}},"13":{"start":{"line":23,"column":6},"end":{"line":23,"column":20}}},"fnMap":{"0":{"name":"(anonymous_0)","decl":{"start":{"line":4,"column":21},"end":{"line":4,"column":22}},"loc":{"start":{"line":4,"column":41},"end":{"line":26,"column":1}},"line":4},"1":{"name":"(anonymous_1)","decl":{"start":{"line":15,"column":40},"end":{"line":15,"column":41}},"loc":{"start":{"line":15,"column":57},"end":{"line":25,"column":3}},"line":15}},"branchMap":{"0":{"loc":{"start":{"line":5,"column":16},"end":{"line":7,"column":26}},"type":"cond-expr","locations":[{"start":{"line":6,"column":6},"end":{"line":6,"column":45}},{"start":{"line":7,"column":6},"end":{"line":7,"column":26}}],"line":5},"1":{"loc":{"start":{"line":10,"column":2},"end":{"line":13,"column":7}},"type":"if","locations":[{"start":{"line":10,"column":2},"end":{"line":13,"column":7}},{"start":{},"end":{}}],"line":10},"2":{"loc":{"start":{"line":16,"column":4},"end":{"line":18,"column":5}},"type":"if","locations":[{"start":{"line":16,"column":4},"end":{"line":18,"column":5}},{"start":{},"end":{}}],"line":16},"3":{"loc":{"start":{"line":19,"column":4},"end":{"line":24,"column":5}},"type":"if","locations":[{"start":{"line":19,"column":4},"end":{"line":24,"column":5}},{"start":{},"end":{}}],"line":19}},"s":{"0":3,"1":3,"2":3,"3":39,"4":39,"5":39,"6":6,"7":33,"8":33,"9":0,"10":33,"11":33,"12":33,"13":33},"f":{"0":39,"1":33},"b":{"0":[33,6],"1":[6,33],"2":[0,33],"3":[33,0]},"_coverageSchema":"1a1c01bbd47fc00a2c39e90264f33305004495a9","hash":"def2bc83a1d73f21199f27fe8c442f93ba3c1be5"}
,"/Users/apple/Downloads/banckingSystem2/app/models/Account.js": {"path":"/Users/apple/Downloads/banckingSystem2/app/models/Account.js","statementMap":{"0":{"start":{"line":1,"column":0},"end":{"line":31,"column":4}},"1":{"start":{"line":2,"column":20},"end":{"line":28,"column":6}},"2":{"start":{"line":30,"column":4},"end":{"line":30,"column":19}}},"fnMap":{"0":{"name":"(anonymous_0)","decl":{"start":{"line":1,"column":17},"end":{"line":1,"column":18}},"loc":{"start":{"line":1,"column":43},"end":{"line":31,"column":3}},"line":1}},"branchMap":{},"s":{"0":3,"1":4,"2":4},"f":{"0":4},"b":{},"_coverageSchema":"1a1c01bbd47fc00a2c39e90264f33305004495a9","hash":"64d21c72726c2a105c97ffb24dc4d42c5cdabfec"}
,"/Users/apple/Downloads/banckingSystem2/app/models/Transaction.js": {"path":"/Users/apple/Downloads/banckingSystem2/app/models/Transaction.js","statementMap":{"0":{"start":{"line":1,"column":0},"end":{"line":35,"column":4}},"1":{"start":{"line":2,"column":24},"end":{"line":32,"column":6}},"2":{"start":{"line":34,"column":4},"end":{"line":34,"column":23}}},"fnMap":{"0":{"name":"(anonymous_0)","decl":{"start":{"line":1,"column":17},"end":{"line":1,"column":18}},"loc":{"start":{"line":1,"column":43},"end":{"line":35,"column":3}},"line":1}},"branchMap":{},"s":{"0":3,"1":4,"2":4},"f":{"0":4},"b":{},"_coverageSchema":"1a1c01bbd47fc00a2c39e90264f33305004495a9","hash":"6369eb36c0d81627d86d472f7f5d371e806cba29"}
,"/Users/apple/Downloads/banckingSystem2/app/models/User.js": {"path":"/Users/apple/Downloads/banckingSystem2/app/models/User.js","statementMap":{"0":{"start":{"line":1,"column":0},"end":{"line":40,"column":4}},"1":{"start":{"line":2,"column":17},"end":{"line":37,"column":6}},"2":{"start":{"line":39,"column":4},"end":{"line":39,"column":16}}},"fnMap":{"0":{"name":"(anonymous_0)","decl":{"start":{"line":1,"column":17},"end":{"line":1,"column":18}},"loc":{"start":{"line":1,"column":43},"end":{"line":40,"column":3}},"line":1}},"branchMap":{},"s":{"0":3,"1":4,"2":4},"f":{"0":4},"b":{},"_coverageSchema":"1a1c01bbd47fc00a2c39e90264f33305004495a9","hash":"b17993a018b7b24fb83ccdbd3ca132093a2bce94"}
,"/Users/apple/Downloads/banckingSystem2/app/models/db.js": {"path":"/Users/apple/Downloads/banckingSystem2/app/models/db.js","statementMap":{"0":{"start":{"line":2,"column":18},"end":{"line":2,"column":38}},"1":{"start":{"line":3,"column":15},"end":{"line":3,"column":32}},"2":{"start":{"line":4,"column":17},"end":{"line":4,"column":34}},"3":{"start":{"line":5,"column":0},"end":{"line":5,"column":16}},"4":{"start":{"line":7,"column":18},"end":{"line":15,"column":1}},"5":{"start":{"line":17,"column":11},"end":{"line":17,"column":13}},"6":{"start":{"line":18,"column":0},"end":{"line":18,"column":25}},"7":{"start":{"line":19,"column":0},"end":{"line":19,"column":25}},"8":{"start":{"line":22,"column":0},"end":{"line":22,"column":51}},"9":{"start":{"line":23,"column":0},"end":{"line":23,"column":57}},"10":{"start":{"line":24,"column":0},"end":{"line":24,"column":65}},"11":{"start":{"line":27,"column":0},"end":{"line":27,"column":30}},"12":{"start":{"line":28,"column":0},"end":{"line":28,"column":32}},"13":{"start":{"line":30,"column":0},"end":{"line":30,"column":20}}},"fnMap":{},"branchMap":{},"s":{"0":3,"1":3,"2":3,"3":3,"4":3,"5":3,"6":3,"7":3,"8":3,"9":3,"10":3,"11":3,"12":3,"13":3},"f":{},"b":{},"_coverageSchema":"1a1c01bbd47fc00a2c39e90264f33305004495a9","hash":"d3432a75a3b4f52f722468881c25c746f8102a39"}
,"/Users/apple/Downloads/banckingSystem2/app/routes/accountRoutes.js": {"path":"/Users/apple/Downloads/banckingSystem2/app/routes/accountRoutes.js","statementMap":{"0":{"start":{"line":1,"column":16},"end":{"line":1,"column":34}},"1":{"start":{"line":2,"column":15},"end":{"line":2,"column":31}},"2":{"start":{"line":3,"column":32},"end":{"line":3,"column":65}},"3":{"start":{"line":4,"column":18},"end":{"line":4,"column":50}},"4":{"start":{"line":5,"column":21},"end":{"line":5,"column":56}},"5":{"start":{"line":7,"column":0},"end":{"line":7,"column":55}},"6":{"start":{"line":8,"column":0},"end":{"line":8,"column":61}},"7":{"start":{"line":10,"column":0},"end":{"line":10,"column":24}}},"fnMap":{},"branchMap":{},"s":{"0":3,"1":3,"2":3,"3":3,"4":3,"5":3,"6":3,"7":3},"f":{},"b":{},"_coverageSchema":"1a1c01bbd47fc00a2c39e90264f33305004495a9","hash":"637b6cee2cc1a1b88a058bcf6ae2f3833524042f"}
,"/Users/apple/Downloads/banckingSystem2/app/routes/transactionRoutes.js": {"path":"/Users/apple/Downloads/banckingSystem2/app/routes/transactionRoutes.js","statementMap":{"0":{"start":{"line":1,"column":16},"end":{"line":1,"column":34}},"1":{"start":{"line":2,"column":15},"end":{"line":2,"column":31}},"2":{"start":{"line":3,"column":41},"end":{"line":3,"column":78}},"3":{"start":{"line":4,"column":21},"end":{"line":4,"column":56}},"4":{"start":{"line":6,"column":0},"end":{"line":6,"column":45}},"5":{"start":{"line":7,"column":0},"end":{"line":7,"column":47}},"6":{"start":{"line":8,"column":0},"end":{"line":8,"column":53}},"7":{"start":{"line":10,"column":0},"end":{"line":10,"column":24}}},"fnMap":{},"branchMap":{},"s":{"0":3,"1":3,"2":3,"3":3,"4":3,"5":3,"6":3,"7":3},"f":{},"b":{},"_coverageSchema":"1a1c01bbd47fc00a2c39e90264f33305004495a9","hash":"8e0ed5a533e2fecf4452c9f3171073e9c3362011"}
,"/Users/apple/Downloads/banckingSystem2/app/routes/userRoute.js": {"path":"/Users/apple/Downloads/banckingSystem2/app/routes/userRoute.js","statementMap":{"0":{"start":{"line":1,"column":16},"end":{"line":1,"column":34}},"1":{"start":{"line":2,"column":15},"end":{"line":2,"column":31}},"2":{"start":{"line":3,"column":65},"end":{"line":3,"column":95}},"3":{"start":{"line":4,"column":21},"end":{"line":4,"column":56}},"4":{"start":{"line":5,"column":18},"end":{"line":5,"column":50}},"5":{"start":{"line":7,"column":0},"end":{"line":7,"column":53}},"6":{"start":{"line":8,"column":0},"end":{"line":8,"column":53}},"7":{"start":{"line":9,"column":0},"end":{"line":9,"column":60}},"8":{"start":{"line":10,"column":0},"end":{"line":10,"column":29}},"9":{"start":{"line":11,"column":0},"end":{"line":11,"column":43}},"10":{"start":{"line":13,"column":0},"end":{"line":13,"column":24}}},"fnMap":{},"branchMap":{},"s":{"0":3,"1":3,"2":3,"3":3,"4":3,"5":3,"6":3,"7":3,"8":3,"9":3,"10":3},"f":{},"b":{},"_coverageSchema":"1a1c01bbd47fc00a2c39e90264f33305004495a9","hash":"0465dae68982aca3b70653e4a5abe999ddf4565e"}
,"/Users/apple/Downloads/banckingSystem2/test/testDB.js": {"path":"/Users/apple/Downloads/banckingSystem2/test/testDB.js","statementMap":{"0":{"start":{"line":1,"column":18},"end":{"line":1,"column":38}},"1":{"start":{"line":2,"column":15},"end":{"line":2,"column":32}},"2":{"start":{"line":3,"column":0},"end":{"line":3,"column":16}},"3":{"start":{"line":5,"column":15},"end":{"line":37,"column":1}},"4":{"start":{"line":6,"column":20},"end":{"line":14,"column":3}},"5":{"start":{"line":16,"column":13},"end":{"line":16,"column":15}},"6":{"start":{"line":17,"column":2},"end":{"line":17,"column":27}},"7":{"start":{"line":18,"column":2},"end":{"line":18,"column":27}},"8":{"start":{"line":21,"column":2},"end":{"line":21,"column":65}},"9":{"start":{"line":22,"column":2},"end":{"line":22,"column":71}},"10":{"start":{"line":23,"column":2},"end":{"line":23,"column":79}},"11":{"start":{"line":26,"column":2},"end":{"line":26,"column":32}},"12":{"start":{"line":27,"column":2},"end":{"line":27,"column":34}},"13":{"start":{"line":29,"column":2},"end":{"line":36,"column":3}},"14":{"start":{"line":30,"column":4},"end":{"line":30,"column":32}},"15":{"start":{"line":31,"column":4},"end":{"line":31,"column":36}},"16":{"start":{"line":33,"column":4},"end":{"line":33,"column":70}},"17":{"start":{"line":35,"column":4},"end":{"line":35,"column":63}},"18":{"start":{"line":38,"column":0},"end":{"line":38,"column":24}}},"fnMap":{"0":{"name":"(anonymous_0)","decl":{"start":{"line":5,"column":15},"end":{"line":5,"column":16}},"loc":{"start":{"line":5,"column":21},"end":{"line":37,"column":1}},"line":5}},"branchMap":{},"s":{"0":2,"1":2,"2":2,"3":2,"4":1,"5":1,"6":1,"7":1,"8":1,"9":1,"10":1,"11":1,"12":1,"13":1,"14":1,"15":1,"16":1,"17":0,"18":2},"f":{"0":1},"b":{},"_coverageSchema":"1a1c01bbd47fc00a2c39e90264f33305004495a9","hash":"663ad193089bdc5d996dde3dd880b039a2b23e10"}
}
