TN:
SF:index.js
FNF:0
FNH:0
DA:1,3
DA:2,3
DA:3,3
DA:4,3
DA:5,3
DA:6,3
DA:7,3
DA:8,3
DA:9,3
DA:12,3
DA:13,3
DA:14,3
DA:16,0
DA:20,3
DA:21,3
DA:22,3
DA:38,3
LF:17
LH:16
BRF:0
BRH:0
end_of_record
TN:
SF:app/controllers/account.js
FN:6,(anonymous_0)
FN:57,(anonymous_1)
FNF:2
FNH:2
FNDA:4,(anonymous_0)
FNDA:4,(anonymous_1)
DA:1,3
DA:2,3
DA:3,3
DA:6,3
DA:7,4
DA:8,4
DA:9,1
DA:13,3
DA:14,1
DA:19,2
DA:20,2
DA:26,2
DA:32,2
DA:33,1
DA:38,1
DA:39,1
DA:40,1
DA:48,1
DA:52,0
DA:57,3
DA:58,4
DA:59,4
DA:60,1
DA:65,3
DA:66,3
DA:72,3
DA:73,1
DA:77,2
DA:82,2
DA:83,2
DA:84,1
DA:89,1
DA:97,1
DA:101,0
LF:34
LH:32
BRDA:8,0,0,1
BRDA:8,0,1,3
BRDA:8,1,0,4
BRDA:8,1,1,3
BRDA:13,2,0,1
BRDA:13,2,1,2
BRDA:13,3,0,3
BRDA:13,3,1,1
BRDA:32,4,0,1
BRDA:32,4,1,1
BRDA:59,5,0,1
BRDA:59,5,1,3
BRDA:72,6,0,1
BRDA:72,6,1,2
BRDA:83,7,0,1
BRDA:83,7,1,1
BRF:16
BRH:16
end_of_record
TN:
SF:app/controllers/transaction.js
FN:6,(anonymous_0)
FN:80,(anonymous_1)
FN:165,(anonymous_2)
FNF:3
FNH:3
FNDA:5,(anonymous_0)
FNDA:7,(anonymous_1)
FNDA:1,(anonymous_2)
DA:1,3
DA:2,3
DA:3,3
DA:6,3
DA:7,5
DA:8,5
DA:10,5
DA:11,1
DA:16,4
DA:17,1
DA:22,3
DA:23,3
DA:29,3
DA:30,1
DA:35,2
DA:40,2
DA:41,2
DA:43,2
DA:48,2
DA:49,2
DA:50,1
DA:55,1
DA:63,1
DA:69,1
DA:70,1
DA:71,1
DA:75,0
DA:80,3
DA:81,7
DA:82,7
DA:84,7
DA:85,1
DA:90,6
DA:91,1
DA:96,5
DA:97,5
DA:103,5
DA:104,1
DA:109,4
DA:114,4
DA:115,4
DA:116,1
DA:120,3
DA:121,1
DA:125,2
DA:131,2
DA:132,2
DA:133,1
DA:135,1
DA:142,1
DA:143,1
DA:152,1
DA:156,1
DA:161,0
DA:165,3
DA:166,1
DA:167,1
DA:168,1
DA:174,1
DA:178,0
LF:60
LH:57
BRDA:10,0,0,1
BRDA:10,0,1,4
BRDA:10,1,0,5
BRDA:10,1,1,5
BRDA:16,2,0,1
BRDA:16,2,1,3
BRDA:29,3,0,1
BRDA:29,3,1,2
BRDA:49,4,0,1
BRDA:49,4,1,1
BRDA:84,5,0,1
BRDA:84,5,1,6
BRDA:84,6,0,7
BRDA:84,6,1,7
BRDA:90,7,0,1
BRDA:90,7,1,5
BRDA:103,8,0,1
BRDA:103,8,1,4
BRDA:115,9,0,1
BRDA:115,9,1,3
BRDA:120,10,0,1
BRDA:120,10,1,2
BRDA:132,11,0,1
BRDA:132,11,1,1
BRF:24
BRH:24
end_of_record
TN:
SF:app/controllers/user.js
FN:10,(anonymous_0)
FN:55,(anonymous_1)
FN:107,(anonymous_2)
FN:119,(anonymous_3)
FN:140,(anonymous_4)
FNF:5
FNH:5
FNDA:4,(anonymous_0)
FNDA:4,(anonymous_1)
FNDA:1,(anonymous_2)
FNDA:1,(anonymous_3)
FNDA:1,(anonymous_4)
DA:1,3
DA:2,3
DA:3,3
DA:4,3
DA:5,3
DA:6,3
DA:7,3
DA:10,3
DA:11,4
DA:12,4
DA:14,4
DA:15,1
DA:20,3
DA:21,1
DA:26,2
DA:27,2
DA:33,2
DA:34,1
DA:39,1
DA:45,1
DA:46,1
DA:50,0
DA:55,3
DA:56,4
DA:58,4
DA:59,1
DA:64,3
DA:66,3
DA:73,3
DA:74,2
DA:80,1
DA:85,2
DA:87,2
DA:88,1
DA:89,1
DA:90,1
DA:92,1
DA:97,1
DA:102,0
DA:107,3
DA:108,1
DA:109,1
DA:110,1
DA:114,0
DA:119,3
DA:120,1
DA:121,1
DA:131,1
DA:135,0
DA:140,3
DA:141,1
DA:143,1
DA:144,1
DA:157,1
DA:161,0
LF:55
LH:50
BRDA:14,0,0,1
BRDA:14,0,1,3
BRDA:14,1,0,4
BRDA:14,1,1,3
BRDA:14,1,2,3
BRDA:20,2,0,1
BRDA:20,2,1,2
BRDA:33,3,0,1
BRDA:33,3,1,1
BRDA:58,4,0,1
BRDA:58,4,1,3
BRDA:58,5,0,4
BRDA:58,5,1,4
BRDA:58,5,2,3
BRDA:58,5,3,3
BRDA:73,6,0,2
BRDA:73,6,1,1
BRDA:87,7,0,1
BRDA:87,7,1,1
BRF:19
BRH:19
end_of_record
TN:
SF:app/middleware/isAdmin.js
FN:4,(anonymous_0)
FNF:1
FNH:1
FNDA:19,(anonymous_0)
DA:1,3
DA:2,3
DA:4,3
DA:6,19
DA:7,19
DA:8,19
DA:16,19
DA:17,19
DA:23,0
DA:26,19
DA:27,5
DA:30,14
LF:12
LH:11
BRDA:16,0,0,19
BRDA:16,0,1,0
BRDA:26,1,0,5
BRDA:26,1,1,14
BRF:4
BRH:3
end_of_record
TN:
SF:app/middleware/isSignedIn.js
FN:4,(anonymous_0)
FN:15,(anonymous_1)
FNF:2
FNH:2
FNDA:39,(anonymous_0)
FNDA:33,(anonymous_1)
DA:1,3
DA:2,3
DA:4,3
DA:5,39
DA:8,39
DA:10,39
DA:11,6
DA:15,33
DA:16,33
DA:17,0
DA:19,33
DA:20,33
DA:21,33
DA:23,33
LF:14
LH:13
BRDA:5,0,0,33
BRDA:5,0,1,6
BRDA:10,1,0,6
BRDA:10,1,1,33
BRDA:16,2,0,0
BRDA:16,2,1,33
BRDA:19,3,0,33
BRDA:19,3,1,0
BRF:8
BRH:6
end_of_record
TN:
SF:app/models/Account.js
FN:1,(anonymous_0)
FNF:1
FNH:1
FNDA:4,(anonymous_0)
DA:1,3
DA:2,4
DA:30,4
LF:3
LH:3
BRF:0
BRH:0
end_of_record
TN:
SF:app/models/Transaction.js
FN:1,(anonymous_0)
FNF:1
FNH:1
FNDA:4,(anonymous_0)
DA:1,3
DA:2,4
DA:34,4
LF:3
LH:3
BRF:0
BRH:0
end_of_record
TN:
SF:app/models/User.js
FN:1,(anonymous_0)
FNF:1
FNH:1
FNDA:4,(anonymous_0)
DA:1,3
DA:2,4
DA:39,4
LF:3
LH:3
BRF:0
BRH:0
end_of_record
TN:
SF:app/models/db.js
FNF:0
FNH:0
DA:2,3
DA:3,3
DA:4,3
DA:5,3
DA:7,3
DA:17,3
DA:18,3
DA:19,3
DA:22,3
DA:23,3
DA:24,3
DA:27,3
DA:28,3
DA:30,3
LF:14
LH:14
BRF:0
BRH:0
end_of_record
TN:
SF:app/routes/accountRoutes.js
FNF:0
FNH:0
DA:1,3
DA:2,3
DA:3,3
DA:4,3
DA:5,3
DA:7,3
DA:8,3
DA:10,3
LF:8
LH:8
BRF:0
BRH:0
end_of_record
TN:
SF:app/routes/transactionRoutes.js
FNF:0
FNH:0
DA:1,3
DA:2,3
DA:3,3
DA:4,3
DA:6,3
DA:7,3
DA:8,3
DA:10,3
LF:8
LH:8
BRF:0
BRH:0
end_of_record
TN:
SF:app/routes/userRoute.js
FNF:0
FNH:0
DA:1,3
DA:2,3
DA:3,3
DA:4,3
DA:5,3
DA:7,3
DA:8,3
DA:9,3
DA:10,3
DA:11,3
DA:13,3
LF:11
LH:11
BRF:0
BRH:0
end_of_record
TN:
SF:test/testDB.js
FN:5,(anonymous_0)
FNF:1
FNH:1
FNDA:1,(anonymous_0)
DA:1,2
DA:2,2
DA:3,2
DA:5,2
DA:6,1
DA:16,1
DA:17,1
DA:18,1
DA:21,1
DA:22,1
DA:23,1
DA:26,1
DA:27,1
DA:29,1
DA:30,1
DA:31,1
DA:33,1
DA:35,0
DA:38,2
LF:19
LH:18
BRF:0
BRH:0
end_of_record
